# Bad spawns : 10/16/2021 3:23:40 PM
# Format: X Y Z F Name

444	174	27	Ilshenar	
1224	1333	0	Ilshenar	zombiexnest
1220	1310	0	Ilshenar	zombiexnest


# Bad spawns : 10/16/2021 4:13:31 PM
# Format: X Y Z F Name

444	174	27	Ilshenar	
1224	1333	0	Ilshenar	zombiexnest
1220	1310	0	Ilshenar	zombiexnest


# Bad spawns : 10/16/2021 4:56:05 PM
# Format: X Y Z F Name

444	174	27	Ilshenar	
1224	1333	0	Ilshenar	zombiexnest
1220	1310	0	Ilshenar	zombiexnest


# Bad spawns : 10/16/2021 5:01:21 PM
# Format: X Y Z F Name

444	174	27	Ilshenar	
1224	1333	0	Ilshenar	zombiexnest
1220	1310	0	Ilshenar	zombiexnest


# Bad spawns : 10/16/2021 5:03:13 PM
# Format: X Y Z F Name

444	174	27	Ilshenar	
1224	1333	0	Ilshenar	zombiexnest
1220	1310	0	Ilshenar	zombiexnest


# Bad spawns : 10/16/2021 5:04:47 PM
# Format: X Y Z F Name

444	174	27	Ilshenar	
1224	1333	0	Ilshenar	zombiexnest
1220	1310	0	Ilshenar	zombiexnest


# Bad spawns : 10/16/2021 5:09:41 PM
# Format: X Y Z F Name

444	174	27	Ilshenar	
1224	1333	0	Ilshenar	zombiexnest
1220	1310	0	Ilshenar	zombiexnest


# Bad spawns : 10/16/2021 5:10:50 PM
# Format: X Y Z F Name

444	174	27	Ilshenar	
1224	1333	0	Ilshenar	zombiexnest
1220	1310	0	Ilshenar	zombiexnest


# Bad spawns : 10/16/2021 5:13:38 PM
# Format: X Y Z F Name

444	174	27	Ilshenar	
1224	1333	0	Ilshenar	zombiexnest
1220	1310	0	Ilshenar	zombiexnest


# Bad spawns : 10/16/2021 7:29:40 PM
# Format: X Y Z F Name

444	174	27	Ilshenar	
1224	1333	0	Ilshenar	zombiexnest
1220	1310	0	Ilshenar	zombiexnest


# Bad spawns : 10/16/2021 10:54:30 PM
# Format: X Y Z F Name

444	174	27	Ilshenar	
1224	1333	0	Ilshenar	zombiexnest
1220	1310	0	Ilshenar	zombiexnest


# Bad spawns : 10/17/2021 10:20:40 AM
# Format: X Y Z F Name

444	174	27	Ilshenar	
1224	1333	0	Ilshenar	zombiexnest
1220	1310	0	Ilshenar	zombiexnest


# Bad spawns : 10/17/2021 10:30:24 AM
# Format: X Y Z F Name

444	174	27	Ilshenar	
1224	1333	0	Ilshenar	zombiexnest
1220	1310	0	Ilshenar	zombiexnest


# Bad spawns : 10/17/2021 10:33:02 AM
# Format: X Y Z F Name

444	174	27	Ilshenar	
1224	1333	0	Ilshenar	zombiexnest
1220	1310	0	Ilshenar	zombiexnest


# Bad spawns : 10/17/2021 10:35:26 AM
# Format: X Y Z F Name

444	174	27	Ilshenar	
1224	1333	0	Ilshenar	zombiexnest
1220	1310	0	Ilshenar	zombiexnest


# Bad spawns : 10/17/2021 11:19:34 AM
# Format: X Y Z F Name

444	174	27	Ilshenar	
1224	1333	0	Ilshenar	zombiexnest
1220	1310	0	Ilshenar	zombiexnest


# Bad spawns : 10/17/2021 11:48:15 AM
# Format: X Y Z F Name

444	174	27	Ilshenar	
1224	1333	0	Ilshenar	zombiexnest
1220	1310	0	Ilshenar	zombiexnest


# Bad spawns : 10/17/2021 2:20:04 PM
# Format: X Y Z F Name

444	174	27	Ilshenar	
1224	1333	0	Ilshenar	zombiexnest
1220	1310	0	Ilshenar	zombiexnest


# Bad spawns : 10/17/2021 2:28:13 PM
# Format: X Y Z F Name

444	174	27	Ilshenar	
1224	1333	0	Ilshenar	zombiexnest
1220	1310	0	Ilshenar	zombiexnest


# Bad spawns : 10/17/2021 3:14:27 PM
# Format: X Y Z F Name

444	174	27	Ilshenar	
1224	1333	0	Ilshenar	zombiexnest
1220	1310	0	Ilshenar	zombiexnest


# Bad spawns : 10/18/2021 10:08:28 AM
# Format: X Y Z F Name

444	174	27	Ilshenar	
1224	1333	0	Ilshenar	zombiexnest
1220	1310	0	Ilshenar	zombiexnest


# Bad spawns : 10/18/2021 10:47:38 AM
# Format: X Y Z F Name

444	174	27	Ilshenar	
1224	1333	0	Ilshenar	zombiexnest
1220	1310	0	Ilshenar	zombiexnest


# Bad spawns : 10/18/2021 11:09:12 AM
# Format: X Y Z F Name

444	174	27	Ilshenar	
1224	1333	0	Ilshenar	zombiexnest
1220	1310	0	Ilshenar	zombiexnest


# Bad spawns : 10/18/2021 1:53:18 PM
# Format: X Y Z F Name

444	174	27	Ilshenar	
1224	1333	0	Ilshenar	zombiexnest
1220	1310	0	Ilshenar	zombiexnest


# Bad spawns : 10/18/2021 4:29:34 PM
# Format: X Y Z F Name

444	174	27	Ilshenar	
1224	1333	0	Ilshenar	zombiexnest
1220	1310	0	Ilshenar	zombiexnest


# Bad spawns : 10/18/2021 6:23:05 PM
# Format: X Y Z F Name

444	174	27	Ilshenar	
1224	1333	0	Ilshenar	zombiexnest
1220	1310	0	Ilshenar	zombiexnest


# Bad spawns : 10/18/2021 6:32:11 PM
# Format: X Y Z F Name

444	174	27	Ilshenar	
1224	1333	0	Ilshenar	zombiexnest
1220	1310	0	Ilshenar	zombiexnest


# Bad spawns : 10/19/2021 10:36:12 AM
# Format: X Y Z F Name

444	174	27	Ilshenar	
1224	1333	0	Ilshenar	zombiexnest
1220	1310	0	Ilshenar	zombiexnest


# Bad spawns : 10/19/2021 11:09:23 AM
# Format: X Y Z F Name

444	174	27	Ilshenar	
1224	1333	0	Ilshenar	zombiexnest
1220	1310	0	Ilshenar	zombiexnest


# Bad spawns : 10/19/2021 11:45:38 PM
# Format: X Y Z F Name

444	174	27	Ilshenar	
1224	1333	0	Ilshenar	zombiexnest
1220	1310	0	Ilshenar	zombiexnest


# Bad spawns : 10/19/2021 11:59:41 PM
# Format: X Y Z F Name

444	174	27	Ilshenar	
1224	1333	0	Ilshenar	zombiexnest
1220	1310	0	Ilshenar	zombiexnest


# Bad spawns : 10/20/2021 9:53:18 AM
# Format: X Y Z F Name

444	174	27	Ilshenar	
1224	1333	0	Ilshenar	zombiexnest
1220	1310	0	Ilshenar	zombiexnest


# Bad spawns : 10/20/2021 11:55:09 AM
# Format: X Y Z F Name

444	174	27	Ilshenar	
1224	1333	0	Ilshenar	zombiexnest
1220	1310	0	Ilshenar	zombiexnest


# Bad spawns : 10/20/2021 5:10:40 PM
# Format: X Y Z F Name

444	174	27	Ilshenar	
1224	1333	0	Ilshenar	zombiexnest
1220	1310	0	Ilshenar	zombiexnest


# Bad spawns : 10/20/2021 5:37:36 PM
# Format: X Y Z F Name

444	174	27	Ilshenar	
1224	1333	0	Ilshenar	zombiexnest
1220	1310	0	Ilshenar	zombiexnest


# Bad spawns : 10/20/2021 6:10:00 PM
# Format: X Y Z F Name

444	174	27	Ilshenar	
1224	1333	0	Ilshenar	zombiexnest
1220	1310	0	Ilshenar	zombiexnest


# Bad spawns : 10/20/2021 6:28:17 PM
# Format: X Y Z F Name

444	174	27	Ilshenar	
1224	1333	0	Ilshenar	zombiexnest
1220	1310	0	Ilshenar	zombiexnest


# Bad spawns : 10/20/2021 6:39:24 PM
# Format: X Y Z F Name

444	174	27	Ilshenar	
1224	1333	0	Ilshenar	zombiexnest
1220	1310	0	Ilshenar	zombiexnest


# Bad spawns : 10/20/2021 6:52:41 PM
# Format: X Y Z F Name

444	174	27	Ilshenar	
1224	1333	0	Ilshenar	zombiexnest
1220	1310	0	Ilshenar	zombiexnest


# Bad spawns : 10/20/2021 7:53:14 PM
# Format: X Y Z F Name

444	174	27	Ilshenar	
1224	1333	0	Ilshenar	zombiexnest
1220	1310	0	Ilshenar	zombiexnest


# Bad spawns : 10/20/2021 10:44:43 PM
# Format: X Y Z F Name

444	174	27	Ilshenar	
1224	1333	0	Ilshenar	zombiexnest
1220	1310	0	Ilshenar	zombiexnest


# Bad spawns : 10/20/2021 10:54:16 PM
# Format: X Y Z F Name

444	174	27	Ilshenar	
1224	1333	0	Ilshenar	zombiexnest
1220	1310	0	Ilshenar	zombiexnest


# Bad spawns : 10/20/2021 11:53:09 PM
# Format: X Y Z F Name

444	174	27	Ilshenar	
1224	1333	0	Ilshenar	zombiexnest
1220	1310	0	Ilshenar	zombiexnest


# Bad spawns : 10/21/2021 10:55:37 AM
# Format: X Y Z F Name

444	174	27	Ilshenar	
1224	1333	0	Ilshenar	zombiexnest
1220	1310	0	Ilshenar	zombiexnest


# Bad spawns : 10/21/2021 11:19:19 AM
# Format: X Y Z F Name

444	174	27	Ilshenar	
1224	1333	0	Ilshenar	zombiexnest
1220	1310	0	Ilshenar	zombiexnest


# Bad spawns : 10/21/2021 11:26:35 AM
# Format: X Y Z F Name

444	174	27	Ilshenar	
1224	1333	0	Ilshenar	zombiexnest
1220	1310	0	Ilshenar	zombiexnest


# Bad spawns : 10/21/2021 11:46:39 AM
# Format: X Y Z F Name

444	174	27	Ilshenar	
1224	1333	0	Ilshenar	zombiexnest
1220	1310	0	Ilshenar	zombiexnest


# Bad spawns : 10/21/2021 12:11:48 PM
# Format: X Y Z F Name

444	174	27	Ilshenar	
1224	1333	0	Ilshenar	zombiexnest
1220	1310	0	Ilshenar	zombiexnest


# Bad spawns : 10/21/2021 12:17:40 PM
# Format: X Y Z F Name

444	174	27	Ilshenar	
1224	1333	0	Ilshenar	zombiexnest
1220	1310	0	Ilshenar	zombiexnest


# Bad spawns : 10/21/2021 12:30:44 PM
# Format: X Y Z F Name

444	174	27	Ilshenar	
1224	1333	0	Ilshenar	zombiexnest
1220	1310	0	Ilshenar	zombiexnest


# Bad spawns : 10/21/2021 12:31:58 PM
# Format: X Y Z F Name

444	174	27	Ilshenar	
1224	1333	0	Ilshenar	zombiexnest
1220	1310	0	Ilshenar	zombiexnest


# Bad spawns : 10/21/2021 12:32:42 PM
# Format: X Y Z F Name

444	174	27	Ilshenar	
1224	1333	0	Ilshenar	zombiexnest
1220	1310	0	Ilshenar	zombiexnest


# Bad spawns : 10/21/2021 1:12:38 PM
# Format: X Y Z F Name

444	174	27	Ilshenar	
1224	1333	0	Ilshenar	zombiexnest
1220	1310	0	Ilshenar	zombiexnest


# Bad spawns : 10/21/2021 1:15:22 PM
# Format: X Y Z F Name

444	174	27	Ilshenar	
1224	1333	0	Ilshenar	zombiexnest
1220	1310	0	Ilshenar	zombiexnest


# Bad spawns : 10/21/2021 1:16:22 PM
# Format: X Y Z F Name

444	174	27	Ilshenar	
1224	1333	0	Ilshenar	zombiexnest
1220	1310	0	Ilshenar	zombiexnest


# Bad spawns : 10/21/2021 1:17:36 PM
# Format: X Y Z F Name

444	174	27	Ilshenar	
1224	1333	0	Ilshenar	zombiexnest
1220	1310	0	Ilshenar	zombiexnest


# Bad spawns : 10/21/2021 1:18:31 PM
# Format: X Y Z F Name

444	174	27	Ilshenar	
1224	1333	0	Ilshenar	zombiexnest
1220	1310	0	Ilshenar	zombiexnest


# Bad spawns : 10/21/2021 1:20:26 PM
# Format: X Y Z F Name

444	174	27	Ilshenar	
1224	1333	0	Ilshenar	zombiexnest
1220	1310	0	Ilshenar	zombiexnest


# Bad spawns : 10/21/2021 1:47:27 PM
# Format: X Y Z F Name

444	174	27	Ilshenar	
1224	1333	0	Ilshenar	zombiexnest
1220	1310	0	Ilshenar	zombiexnest


# Bad spawns : 10/21/2021 10:29:46 PM
# Format: X Y Z F Name

444	174	27	Ilshenar	
1224	1333	0	Ilshenar	zombiexnest
1220	1310	0	Ilshenar	zombiexnest


# Bad spawns : 10/21/2021 10:42:34 PM
# Format: X Y Z F Name

444	174	27	Ilshenar	
1224	1333	0	Ilshenar	zombiexnest
1220	1310	0	Ilshenar	zombiexnest


# Bad spawns : 10/22/2021 10:21:26 AM
# Format: X Y Z F Name

444	174	27	Ilshenar	
1224	1333	0	Ilshenar	zombiexnest
1220	1310	0	Ilshenar	zombiexnest


# Bad spawns : 10/22/2021 5:17:47 PM
# Format: X Y Z F Name

444	174	27	Ilshenar	
1224	1333	0	Ilshenar	zombiexnest
1220	1310	0	Ilshenar	zombiexnest


# Bad spawns : 10/22/2021 5:24:28 PM
# Format: X Y Z F Name

444	174	27	Ilshenar	
1224	1333	0	Ilshenar	zombiexnest
1220	1310	0	Ilshenar	zombiexnest


# Bad spawns : 10/22/2021 5:38:18 PM
# Format: X Y Z F Name

444	174	27	Ilshenar	
1224	1333	0	Ilshenar	zombiexnest
1220	1310	0	Ilshenar	zombiexnest


# Bad spawns : 10/22/2021 5:48:59 PM
# Format: X Y Z F Name

444	174	27	Ilshenar	
1224	1333	0	Ilshenar	zombiexnest
1220	1310	0	Ilshenar	zombiexnest


# Bad spawns : 10/22/2021 5:54:01 PM
# Format: X Y Z F Name

444	174	27	Ilshenar	
1224	1333	0	Ilshenar	zombiexnest
1220	1310	0	Ilshenar	zombiexnest


# Bad spawns : 10/23/2021 10:47:54 AM
# Format: X Y Z F Name

444	174	27	Ilshenar	
1224	1333	0	Ilshenar	zombiexnest
1220	1310	0	Ilshenar	zombiexnest


# Bad spawns : 10/23/2021 10:50:53 AM
# Format: X Y Z F Name

444	174	27	Ilshenar	
1224	1333	0	Ilshenar	zombiexnest
1220	1310	0	Ilshenar	zombiexnest


# Bad spawns : 10/23/2021 11:02:54 AM
# Format: X Y Z F Name

444	174	27	Ilshenar	
1224	1333	0	Ilshenar	zombiexnest
1220	1310	0	Ilshenar	zombiexnest


# Bad spawns : 10/23/2021 11:10:01 AM
# Format: X Y Z F Name

444	174	27	Ilshenar	
1224	1333	0	Ilshenar	zombiexnest
1220	1310	0	Ilshenar	zombiexnest


# Bad spawns : 10/23/2021 11:14:05 AM
# Format: X Y Z F Name

444	174	27	Ilshenar	
1224	1333	0	Ilshenar	zombiexnest
1220	1310	0	Ilshenar	zombiexnest


# Bad spawns : 10/23/2021 2:50:45 PM
# Format: X Y Z F Name

444	174	27	Ilshenar	
1224	1333	0	Ilshenar	zombiexnest
1220	1310	0	Ilshenar	zombiexnest


# Bad spawns : 10/23/2021 3:40:49 PM
# Format: X Y Z F Name

444	174	27	Ilshenar	
1224	1333	0	Ilshenar	zombiexnest
1220	1310	0	Ilshenar	zombiexnest


# Bad spawns : 10/23/2021 4:47:40 PM
# Format: X Y Z F Name

444	174	27	Ilshenar	
1224	1333	0	Ilshenar	zombiexnest
1220	1310	0	Ilshenar	zombiexnest


# Bad spawns : 10/23/2021 4:50:06 PM
# Format: X Y Z F Name

444	174	27	Ilshenar	
1224	1333	0	Ilshenar	zombiexnest
1220	1310	0	Ilshenar	zombiexnest


# Bad spawns : 10/23/2021 9:54:42 PM
# Format: X Y Z F Name

444	174	27	Ilshenar	
1224	1333	0	Ilshenar	zombiexnest
1220	1310	0	Ilshenar	zombiexnest


# Bad spawns : 10/23/2021 9:57:31 PM
# Format: X Y Z F Name

444	174	27	Ilshenar	
1224	1333	0	Ilshenar	zombiexnest
1220	1310	0	Ilshenar	zombiexnest


# Bad spawns : 10/23/2021 9:59:24 PM
# Format: X Y Z F Name

444	174	27	Ilshenar	
1224	1333	0	Ilshenar	zombiexnest
1220	1310	0	Ilshenar	zombiexnest


# Bad spawns : 10/24/2021 10:47:17 AM
# Format: X Y Z F Name

444	174	27	Ilshenar	
1224	1333	0	Ilshenar	zombiexnest
1220	1310	0	Ilshenar	zombiexnest


# Bad spawns : 10/24/2021 2:17:09 PM
# Format: X Y Z F Name

444	174	27	Ilshenar	
1224	1333	0	Ilshenar	zombiexnest
1220	1310	0	Ilshenar	zombiexnest


# Bad spawns : 10/24/2021 2:20:49 PM
# Format: X Y Z F Name

444	174	27	Ilshenar	
1224	1333	0	Ilshenar	zombiexnest
1220	1310	0	Ilshenar	zombiexnest


# Bad spawns : 10/24/2021 4:31:19 PM
# Format: X Y Z F Name

444	174	27	Ilshenar	
1224	1333	0	Ilshenar	zombiexnest
1220	1310	0	Ilshenar	zombiexnest


# Bad spawns : 10/25/2021 10:15:55 AM
# Format: X Y Z F Name

444	174	27	Ilshenar	
1224	1333	0	Ilshenar	zombiexnest
1220	1310	0	Ilshenar	zombiexnest


# Bad spawns : 10/26/2021 10:53:21 AM
# Format: X Y Z F Name

444	174	27	Ilshenar	
1224	1333	0	Ilshenar	zombiexnest
1220	1310	0	Ilshenar	zombiexnest


# Bad spawns : 10/26/2021 10:58:40 AM
# Format: X Y Z F Name

444	174	27	Ilshenar	
1224	1333	0	Ilshenar	zombiexnest
1220	1310	0	Ilshenar	zombiexnest


# Bad spawns : 10/26/2021 11:28:30 AM
# Format: X Y Z F Name

444	174	27	Ilshenar	
1224	1333	0	Ilshenar	zombiexnest
1220	1310	0	Ilshenar	zombiexnest


# Bad spawns : 10/26/2021 11:40:11 AM
# Format: X Y Z F Name

444	174	27	Ilshenar	
1224	1333	0	Ilshenar	zombiexnest
1220	1310	0	Ilshenar	zombiexnest


# Bad spawns : 10/26/2021 2:49:25 PM
# Format: X Y Z F Name

444	174	27	Ilshenar	
1224	1333	0	Ilshenar	zombiexnest
1220	1310	0	Ilshenar	zombiexnest


# Bad spawns : 10/26/2021 5:51:16 PM
# Format: X Y Z F Name

444	174	27	Ilshenar	
1224	1333	0	Ilshenar	zombiexnest
1220	1310	0	Ilshenar	zombiexnest


# Bad spawns : 10/27/2021 10:02:07 AM
# Format: X Y Z F Name

444	174	27	Ilshenar	
1224	1333	0	Ilshenar	zombiexnest
1220	1310	0	Ilshenar	zombiexnest


# Bad spawns : 10/27/2021 4:36:48 PM
# Format: X Y Z F Name

444	174	27	Ilshenar	
1224	1333	0	Ilshenar	zombiexnest
1220	1310	0	Ilshenar	zombiexnest


# Bad spawns : 10/27/2021 4:37:23 PM
# Format: X Y Z F Name

444	174	27	Ilshenar	
1224	1333	0	Ilshenar	zombiexnest
1220	1310	0	Ilshenar	zombiexnest


# Bad spawns : 10/27/2021 4:57:53 PM
# Format: X Y Z F Name

444	174	27	Ilshenar	
1224	1333	0	Ilshenar	zombiexnest
1220	1310	0	Ilshenar	zombiexnest


# Bad spawns : 10/27/2021 10:24:37 PM
# Format: X Y Z F Name

444	174	27	Ilshenar	
1224	1333	0	Ilshenar	zombiexnest
1220	1310	0	Ilshenar	zombiexnest


# Bad spawns : 10/28/2021 10:05:24 AM
# Format: X Y Z F Name

444	174	27	Ilshenar	
1224	1333	0	Ilshenar	zombiexnest
1220	1310	0	Ilshenar	zombiexnest


# Bad spawns : 10/28/2021 2:32:02 PM
# Format: X Y Z F Name

444	174	27	Ilshenar	
1224	1333	0	Ilshenar	zombiexnest
1220	1310	0	Ilshenar	zombiexnest


# Bad spawns : 10/29/2021 10:14:50 AM
# Format: X Y Z F Name

444	174	27	Ilshenar	
1224	1333	0	Ilshenar	zombiexnest
1220	1310	0	Ilshenar	zombiexnest


# Bad spawns : 10/29/2021 5:39:28 PM
# Format: X Y Z F Name

444	174	27	Ilshenar	
1224	1333	0	Ilshenar	zombiexnest
1220	1310	0	Ilshenar	zombiexnest


# Bad spawns : 10/29/2021 10:45:34 PM
# Format: X Y Z F Name

444	174	27	Ilshenar	
1224	1333	0	Ilshenar	zombiexnest
1220	1310	0	Ilshenar	zombiexnest


# Bad spawns : 10/29/2021 10:54:15 PM
# Format: X Y Z F Name

444	174	27	Ilshenar	
1224	1333	0	Ilshenar	zombiexnest
1220	1310	0	Ilshenar	zombiexnest


# Bad spawns : 10/30/2021 10:35:15 AM
# Format: X Y Z F Name

444	174	27	Ilshenar	
1224	1333	0	Ilshenar	zombiexnest
1220	1310	0	Ilshenar	zombiexnest


# Bad spawns : 10/30/2021 1:21:58 PM
# Format: X Y Z F Name

444	174	27	Ilshenar	
1224	1333	0	Ilshenar	zombiexnest
1220	1310	0	Ilshenar	zombiexnest


# Bad spawns : 10/30/2021 1:24:55 PM
# Format: X Y Z F Name

444	174	27	Ilshenar	
1224	1333	0	Ilshenar	zombiexnest
1220	1310	0	Ilshenar	zombiexnest


# Bad spawns : 10/30/2021 5:09:02 PM
# Format: X Y Z F Name

444	174	27	Ilshenar	
1224	1333	0	Ilshenar	zombiexnest
1220	1310	0	Ilshenar	zombiexnest


# Bad spawns : 10/30/2021 10:50:09 PM
# Format: X Y Z F Name

444	174	27	Ilshenar	
1224	1333	0	Ilshenar	zombiexnest
1220	1310	0	Ilshenar	zombiexnest


# Bad spawns : 10/30/2021 10:54:07 PM
# Format: X Y Z F Name

444	174	27	Ilshenar	
1224	1333	0	Ilshenar	zombiexnest
1220	1310	0	Ilshenar	zombiexnest


# Bad spawns : 10/30/2021 10:56:01 PM
# Format: X Y Z F Name

444	174	27	Ilshenar	
1224	1333	0	Ilshenar	zombiexnest
1220	1310	0	Ilshenar	zombiexnest


# Bad spawns : 10/30/2021 11:23:58 PM
# Format: X Y Z F Name

444	174	27	Ilshenar	
1224	1333	0	Ilshenar	zombiexnest
1220	1310	0	Ilshenar	zombiexnest


# Bad spawns : 10/30/2021 11:27:36 PM
# Format: X Y Z F Name

444	174	27	Ilshenar	
1224	1333	0	Ilshenar	zombiexnest
1220	1310	0	Ilshenar	zombiexnest


# Bad spawns : 10/30/2021 11:28:42 PM
# Format: X Y Z F Name

444	174	27	Ilshenar	
1224	1333	0	Ilshenar	zombiexnest
1220	1310	0	Ilshenar	zombiexnest


# Bad spawns : 10/30/2021 11:50:00 PM
# Format: X Y Z F Name

444	174	27	Ilshenar	
1224	1333	0	Ilshenar	zombiexnest
1220	1310	0	Ilshenar	zombiexnest


# Bad spawns : 10/31/2021 11:32:05 AM
# Format: X Y Z F Name

444	174	27	Ilshenar	
1224	1333	0	Ilshenar	zombiexnest
1220	1310	0	Ilshenar	zombiexnest


# Bad spawns : 10/31/2021 11:45:54 AM
# Format: X Y Z F Name

444	174	27	Ilshenar	
1224	1333	0	Ilshenar	zombiexnest
1220	1310	0	Ilshenar	zombiexnest


# Bad spawns : 10/31/2021 11:56:40 AM
# Format: X Y Z F Name

444	174	27	Ilshenar	
1224	1333	0	Ilshenar	zombiexnest
1220	1310	0	Ilshenar	zombiexnest


# Bad spawns : 10/31/2021 12:04:32 PM
# Format: X Y Z F Name

444	174	27	Ilshenar	
1224	1333	0	Ilshenar	zombiexnest
1220	1310	0	Ilshenar	zombiexnest


# Bad spawns : 10/31/2021 12:06:45 PM
# Format: X Y Z F Name

444	174	27	Ilshenar	
1224	1333	0	Ilshenar	zombiexnest
1220	1310	0	Ilshenar	zombiexnest


# Bad spawns : 10/31/2021 9:40:41 PM
# Format: X Y Z F Name

444	174	27	Ilshenar	
1224	1333	0	Ilshenar	zombiexnest
1220	1310	0	Ilshenar	zombiexnest


# Bad spawns : 10/31/2021 11:14:59 PM
# Format: X Y Z F Name

444	174	27	Ilshenar	
1224	1333	0	Ilshenar	zombiexnest
1220	1310	0	Ilshenar	zombiexnest


# Bad spawns : 10/31/2021 11:24:26 PM
# Format: X Y Z F Name

444	174	27	Ilshenar	
1224	1333	0	Ilshenar	zombiexnest
1220	1310	0	Ilshenar	zombiexnest


# Bad spawns : 10/31/2021 11:25:30 PM
# Format: X Y Z F Name

444	174	27	Ilshenar	
1224	1333	0	Ilshenar	zombiexnest
1220	1310	0	Ilshenar	zombiexnest


# Bad spawns : 10/31/2021 11:30:47 PM
# Format: X Y Z F Name

444	174	27	Ilshenar	
1224	1333	0	Ilshenar	zombiexnest
1220	1310	0	Ilshenar	zombiexnest


# Bad spawns : 10/31/2021 11:32:41 PM
# Format: X Y Z F Name

444	174	27	Ilshenar	
1224	1333	0	Ilshenar	zombiexnest
1220	1310	0	Ilshenar	zombiexnest


# Bad spawns : 11/1/2021 11:41:27 AM
# Format: X Y Z F Name

444	174	27	Ilshenar	
1224	1333	0	Ilshenar	zombiexnest
1220	1310	0	Ilshenar	zombiexnest


# Bad spawns : 11/1/2021 4:04:28 PM
# Format: X Y Z F Name

444	174	27	Ilshenar	
1224	1333	0	Ilshenar	zombiexnest
1220	1310	0	Ilshenar	zombiexnest


# Bad spawns : 11/1/2021 4:22:58 PM
# Format: X Y Z F Name

444	174	27	Ilshenar	
1224	1333	0	Ilshenar	zombiexnest
1220	1310	0	Ilshenar	zombiexnest


# Bad spawns : 11/1/2021 4:25:33 PM
# Format: X Y Z F Name

444	174	27	Ilshenar	
1224	1333	0	Ilshenar	zombiexnest
1220	1310	0	Ilshenar	zombiexnest


# Bad spawns : 11/1/2021 10:12:07 PM
# Format: X Y Z F Name

444	174	27	Ilshenar	
1224	1333	0	Ilshenar	zombiexnest
1220	1310	0	Ilshenar	zombiexnest


# Bad spawns : 11/2/2021 10:26:49 AM
# Format: X Y Z F Name

444	174	27	Ilshenar	
1224	1333	0	Ilshenar	zombiexnest
1220	1310	0	Ilshenar	zombiexnest


# Bad spawns : 11/2/2021 10:48:29 AM
# Format: X Y Z F Name

444	174	27	Ilshenar	
1224	1333	0	Ilshenar	zombiexnest
1220	1310	0	Ilshenar	zombiexnest


# Bad spawns : 11/2/2021 10:50:01 AM
# Format: X Y Z F Name

444	174	27	Ilshenar	
1224	1333	0	Ilshenar	zombiexnest
1220	1310	0	Ilshenar	zombiexnest


# Bad spawns : 11/2/2021 10:53:21 AM
# Format: X Y Z F Name

444	174	27	Ilshenar	
1224	1333	0	Ilshenar	zombiexnest
1220	1310	0	Ilshenar	zombiexnest


# Bad spawns : 11/2/2021 10:58:04 AM
# Format: X Y Z F Name

444	174	27	Ilshenar	
1224	1333	0	Ilshenar	zombiexnest
1220	1310	0	Ilshenar	zombiexnest


# Bad spawns : 11/2/2021 2:32:49 PM
# Format: X Y Z F Name

444	174	27	Ilshenar	
1224	1333	0	Ilshenar	zombiexnest
1220	1310	0	Ilshenar	zombiexnest


# Bad spawns : 11/2/2021 4:34:31 PM
# Format: X Y Z F Name

444	174	27	Ilshenar	
1224	1333	0	Ilshenar	zombiexnest
1220	1310	0	Ilshenar	zombiexnest


# Bad spawns : 11/3/2021 11:22:31 AM
# Format: X Y Z F Name

444	174	27	Ilshenar	
1224	1333	0	Ilshenar	zombiexnest
1220	1310	0	Ilshenar	zombiexnest


# Bad spawns : 11/3/2021 10:00:50 PM
# Format: X Y Z F Name

444	174	27	Ilshenar	
1224	1333	0	Ilshenar	zombiexnest
1220	1310	0	Ilshenar	zombiexnest


# Bad spawns : 11/3/2021 10:09:09 PM
# Format: X Y Z F Name

444	174	27	Ilshenar	
1224	1333	0	Ilshenar	zombiexnest
1220	1310	0	Ilshenar	zombiexnest


# Bad spawns : 11/3/2021 10:24:21 PM
# Format: X Y Z F Name

444	174	27	Ilshenar	
1224	1333	0	Ilshenar	zombiexnest
1220	1310	0	Ilshenar	zombiexnest


# Bad spawns : 11/4/2021 11:48:21 AM
# Format: X Y Z F Name

444	174	27	Ilshenar	
1224	1333	0	Ilshenar	zombiexnest
1220	1310	0	Ilshenar	zombiexnest


# Bad spawns : 11/5/2021 10:52:52 AM
# Format: X Y Z F Name

444	174	27	Ilshenar	
1224	1333	0	Ilshenar	zombiexnest
1220	1310	0	Ilshenar	zombiexnest


# Bad spawns : 11/5/2021 11:03:21 AM
# Format: X Y Z F Name

444	174	27	Ilshenar	
1224	1333	0	Ilshenar	zombiexnest
1220	1310	0	Ilshenar	zombiexnest


# Bad spawns : 11/5/2021 11:30:36 AM
# Format: X Y Z F Name

444	174	27	Ilshenar	
1224	1333	0	Ilshenar	zombiexnest
1220	1310	0	Ilshenar	zombiexnest


# Bad spawns : 11/5/2021 2:30:34 PM
# Format: X Y Z F Name

444	174	27	Ilshenar	
1224	1333	0	Ilshenar	zombiexnest
1220	1310	0	Ilshenar	zombiexnest


# Bad spawns : 11/5/2021 9:41:02 PM
# Format: X Y Z F Name

444	174	27	Ilshenar	
1224	1333	0	Ilshenar	zombiexnest
1220	1310	0	Ilshenar	zombiexnest


# Bad spawns : 11/5/2021 10:39:47 PM
# Format: X Y Z F Name

444	174	27	Ilshenar	
1224	1333	0	Ilshenar	zombiexnest
1220	1310	0	Ilshenar	zombiexnest


# Bad spawns : 11/5/2021 11:32:51 PM
# Format: X Y Z F Name

444	174	27	Ilshenar	
1224	1333	0	Ilshenar	zombiexnest
1220	1310	0	Ilshenar	zombiexnest


# Bad spawns : 11/5/2021 11:37:43 PM
# Format: X Y Z F Name

444	174	27	Ilshenar	
1224	1333	0	Ilshenar	zombiexnest
1220	1310	0	Ilshenar	zombiexnest


# Bad spawns : 11/5/2021 11:40:34 PM
# Format: X Y Z F Name

444	174	27	Ilshenar	
1224	1333	0	Ilshenar	zombiexnest
1220	1310	0	Ilshenar	zombiexnest


# Bad spawns : 11/5/2021 11:42:38 PM
# Format: X Y Z F Name

444	174	27	Ilshenar	
1224	1333	0	Ilshenar	zombiexnest
1220	1310	0	Ilshenar	zombiexnest


# Bad spawns : 11/5/2021 11:52:09 PM
# Format: X Y Z F Name

444	174	27	Ilshenar	
1224	1333	0	Ilshenar	zombiexnest
1220	1310	0	Ilshenar	zombiexnest


# Bad spawns : 11/6/2021 11:38:30 AM
# Format: X Y Z F Name

444	174	27	Ilshenar	
1224	1333	0	Ilshenar	zombiexnest
1220	1310	0	Ilshenar	zombiexnest


# Bad spawns : 11/6/2021 2:32:06 PM
# Format: X Y Z F Name

444	174	27	Ilshenar	
1224	1333	0	Ilshenar	zombiexnest
1220	1310	0	Ilshenar	zombiexnest


# Bad spawns : 11/6/2021 4:07:33 PM
# Format: X Y Z F Name

444	174	27	Ilshenar	
1224	1333	0	Ilshenar	zombiexnest
1220	1310	0	Ilshenar	zombiexnest


# Bad spawns : 11/6/2021 6:12:30 PM
# Format: X Y Z F Name

444	174	27	Ilshenar	
1224	1333	0	Ilshenar	zombiexnest
1220	1310	0	Ilshenar	zombiexnest


# Bad spawns : 11/7/2021 10:34:04 AM
# Format: X Y Z F Name

444	174	27	Ilshenar	
1224	1333	0	Ilshenar	zombiexnest
1220	1310	0	Ilshenar	zombiexnest


